{"/Users/yiwoojung/Desktop/TDD/UNIT-BASIC/src/mock/check/check.js": {"path":"/Users/yiwoojung/Desktop/TDD/UNIT-BASIC/src/mock/check/check.js","all":false,"statementMap":{"0":{"start":{"line":1,"column":0},"end":{"line":1,"column":46}},"1":{"start":{"line":2,"column":0},"end":{"line":2,"column":20}},"2":{"start":{"line":3,"column":0},"end":{"line":3,"column":21}},"3":{"start":{"line":4,"column":0},"end":{"line":4,"column":10}},"4":{"start":{"line":5,"column":0},"end":{"line":5,"column":17}},"5":{"start":{"line":6,"column":0},"end":{"line":6,"column":3}},"6":{"start":{"line":7,"column":0},"end":{"line":7,"column":1}},"7":{"start":{"line":8,"column":0},"end":{"line":8,"column":0}},"8":{"start":{"line":9,"column":0},"end":{"line":9,"column":23}}},"s":{"0":2,"1":2,"2":1,"3":1,"4":1,"5":1,"6":2,"7":1,"8":1},"branchMap":{"0":{"type":"branch","line":1,"loc":{"start":{"line":1,"column":0},"end":{"line":7,"column":1}},"locations":[{"start":{"line":1,"column":0},"end":{"line":7,"column":1}}]},"1":{"type":"branch","line":2,"loc":{"start":{"line":2,"column":19},"end":{"line":6,"column":3}},"locations":[{"start":{"line":2,"column":19},"end":{"line":6,"column":3}}]}},"b":{"0":[2],"1":[1]},"fnMap":{"0":{"name":"check","decl":{"start":{"line":1,"column":0},"end":{"line":7,"column":1}},"loc":{"start":{"line":1,"column":0},"end":{"line":7,"column":1}},"line":1}},"f":{"0":2}}
}
