TN:
SF:src/stack/stack-refactoring.js
FN:17,Stack
FN:22,size
FN:26,push
FN:32,pop
FN:43,peek
FNF:5
FNH:5
FNDA:6,Stack
FNDA:4,size
FNDA:5,push
FNDA:2,pop
FNDA:2,peek
DA:1,1
DA:2,1
DA:3,1
DA:4,1
DA:5,1
DA:6,1
DA:7,1
DA:8,1
DA:9,1
DA:10,1
DA:11,1
DA:12,1
DA:13,1
DA:14,1
DA:15,1
DA:16,1
DA:17,1
DA:18,6
DA:19,6
DA:20,6
DA:21,1
DA:22,1
DA:23,4
DA:24,4
DA:25,1
DA:26,1
DA:27,5
DA:28,5
DA:29,5
DA:30,5
DA:31,1
DA:32,1
DA:33,2
DA:34,1
DA:35,1
DA:36,1
DA:37,1
DA:38,1
DA:39,1
DA:40,1
DA:41,1
DA:42,1
DA:43,1
DA:44,2
DA:45,1
DA:46,1
DA:47,1
DA:48,1
DA:49,1
DA:50,1
DA:51,1
DA:52,1
DA:53,1
DA:54,1
DA:55,1
DA:56,1
DA:57,1
DA:58,1
LF:58
LH:58
BRDA:17,0,0,6
BRDA:22,1,0,4
BRDA:26,2,0,5
BRDA:32,3,0,2
BRDA:33,4,0,1
BRDA:43,5,0,2
BRDA:44,6,0,1
BRF:7
BRH:7
end_of_record
