TN:
SF:src/stack/stack.js
FN:2,Stack
FN:6,size
FN:10,push
FN:14,pop
FN:22,peek
FNF:5
FNH:5
FNDA:6,Stack
FNDA:5,size
FNDA:5,push
FNDA:2,pop
FNDA:2,peek
DA:1,1
DA:2,1
DA:3,6
DA:4,6
DA:5,1
DA:6,1
DA:7,5
DA:8,5
DA:9,1
DA:10,1
DA:11,5
DA:12,5
DA:13,1
DA:14,1
DA:15,2
DA:16,1
DA:17,1
DA:18,1
DA:19,1
DA:20,1
DA:21,1
DA:22,1
DA:23,2
DA:24,1
DA:25,1
DA:26,1
DA:27,1
DA:28,1
DA:29,1
DA:30,1
DA:31,1
LF:31
LH:31
BRDA:2,0,0,6
BRDA:6,1,0,5
BRDA:10,2,0,5
BRDA:14,3,0,2
BRDA:15,4,0,1
BRDA:22,5,0,2
BRDA:23,6,0,1
BRF:7
BRH:7
end_of_record
